<?xml version="1.0" encoding="UTF-8"?>
<testsuite xmlns:xsi="http://www.w3.org/2001/XMLSchema-instance" xsi:noNamespaceSchemaLocation="https://maven.apache.org/surefire/maven-surefire-plugin/xsd/surefire-test-report-3.0.xsd" version="3.0" name="test.java.com.example.carrinho.CarrinhoTest$RemoveItemTests" time="0.007" tests="3" errors="0" skipped="0" failures="0">
  <properties>
[...]
</properties>
  <testcase name="removeExistingItemBySameInstance" classname="test.java.com.example.carrinho.CarrinhoTest$RemoveItemTests" time="0.001"/>
  <testcase name="removeEqualButDifferentInstance" classname="test.java.com.example.carrinho.CarrinhoTest$RemoveItemTests" time="0.001"/>
  <testcase name="removeNonExistentThrows" classname="test.java.com.example.carrinho.CarrinhoTest$RemoveItemTests" time="0.003"/>
</testsuite>